SF:lib/src/cache/file/local_file.dart
DA:7,0
DA:9,0
DA:12,0
DA:14,0
DA:17,0
DA:19,0
DA:22,0
DA:24,0
LF:8
LH:0
end_of_record
SF:lib/src/cache/file/local_file_io.dart
DA:13,2
DA:26,0
DA:28,0
DA:34,0
DA:43,0
DA:44,0
DA:53,0
DA:55,0
DA:62,0
DA:64,0
LF:10
LH:1
end_of_record
SF:lib/src/cache/file/file.dart
DA:5,9
DA:12,1
DA:17,0
DA:18,0
DA:19,0
DA:24,0
DA:25,0
DA:26,0
DA:31,0
DA:32,0
DA:33,0
DA:42,0
DA:43,0
DA:44,0
DA:45,0
DA:46,0
DA:47,0
DA:50,0
DA:57,0
DA:58,0
DA:59,0
DA:60,0
DA:62,0
DA:63,0
DA:64,0
DA:66,0
DA:67,0
DA:72,0
DA:73,0
DA:74,0
DA:75,0
DA:77,0
DA:78,0
DA:80,0
DA:81,0
DA:83,0
DA:91,0
DA:92,0
DA:96,0
DA:97,0
DA:98,0
DA:99,0
DA:100,0
DA:101,0
DA:107,0
DA:108,0
DA:109,0
LF:47
LH:2
end_of_record
SF:lib/src/utility/json_encode_util.dart
DA:12,0
DA:15,0
DA:17,0
DA:19,0
DA:25,0
DA:27,0
DA:32,0
LF:7
LH:0
end_of_record
SF:lib/src/cache/sembast/sembast.dart
DA:4,0
DA:12,0
DA:13,0
DA:16,0
DA:17,0
DA:18,0
DA:21,0
DA:22,0
DA:26,0
DA:27,0
DA:30,0
DA:31,0
DA:34,0
DA:35,0
DA:37,0
DA:38,0
DA:39,0
DA:40,0
DA:41,0
DA:43,0
DA:52,0
DA:53,0
DA:57,0
DA:58,0
LF:24
LH:0
end_of_record
SF:lib/src/cache/sembast/local_sembast.dart
DA:17,0
DA:19,0
DA:22,0
DA:27,0
DA:28,0
DA:33,0
DA:35,0
DA:39,0
DA:41,0
LF:9
LH:0
end_of_record
SF:lib/src/feature/path/io_path_provider.dart
DA:4,0
DA:7,0
DA:9,0
LF:3
LH:0
end_of_record
SF:lib/src/model/local_data.dart
DA:4,0
DA:6,0
DA:7,0
DA:8,0
DA:13,0
DA:14,0
DA:15,0
DA:16,0
LF:8
LH:0
end_of_record
SF:lib/src/cache/shared/local_preferences.dart
DA:11,0
DA:27,0
DA:29,0
DA:36,0
DA:38,0
DA:45,0
DA:47,0
DA:53,0
DA:62,0
LF:9
LH:0
end_of_record
SF:lib/src/cache/shared/preferences.dart
DA:4,0
DA:9,0
DA:10,0
DA:21,0
DA:22,0
DA:23,0
DA:28,0
DA:33,0
DA:34,0
DA:39,0
DA:40,0
DA:41,0
DA:42,0
DA:53,0
DA:54,0
DA:56,0
DA:58,0
DA:61,0
DA:62,0
DA:63,0
DA:64,0
DA:65,0
DA:67,0
DA:79,0
DA:80,0
DA:82,0
DA:83,0
DA:94,0
DA:95,0
DA:96,0
LF:30
LH:0
end_of_record
SF:lib/src/extension/request_type_extension.dart
DA:5,0
DA:7,0
DA:9,0
DA:11,0
DA:13,0
DA:15,0
LF:6
LH:0
end_of_record
SF:lib/src/feature/adapter/native_adapter.dart
DA:7,18
LF:1
LH:1
end_of_record
SF:lib/src/feature/no_network/no_network.dart
DA:6,0
LF:1
LH:0
end_of_record
SF:lib/src/feature/no_network/no_network_manager.dart
DA:8,0
DA:17,0
DA:18,0
DA:19,0
DA:20,0
DA:22,0
DA:23,0
DA:25,0
DA:26,0
DA:27,0
DA:29,0
DA:34,0
DA:35,0
DA:36,0
DA:53,0
DA:65,0
DA:67,0
DA:68,0
DA:70,0
DA:71,0
DA:72,0
DA:74,0
DA:75,0
DA:76,0
DA:77,0
LF:25
LH:0
end_of_record
SF:lib/src/utility/padding/page_padding.dart
DA:4,0
DA:6,0
DA:7,9
LF:3
LH:1
end_of_record
SF:lib/src/utility/widget/border/top_rectangle_border.dart
DA:4,9
LF:1
LH:1
end_of_record
SF:lib/src/feature/ssl/io_custom_override.dart
DA:5,0
DA:8,0
DA:10,0
DA:15,0
DA:17,0
DA:18,0
LF:6
LH:0
end_of_record
SF:lib/src/interface/IFormDataModel.dart
DA:8,0
DA:10,0
DA:11,0
DA:13,0
LF:4
LH:0
end_of_record
SF:lib/src/interface/IResponseModel.dart
DA:7,0
LF:1
LH:0
end_of_record
SF:lib/src/model/empty_model.dart
DA:6,0
DA:8,0
DA:12,0
DA:15,0
DA:17,0
DA:18,0
DA:22,0
DA:24,0
DA:27,0
DA:31,0
DA:34,0
DA:35,0
LF:12
LH:0
end_of_record
SF:lib/src/model/error/file_manager_not_foud.dart
DA:2,0
DA:4,0
DA:6,0
LF:3
LH:0
end_of_record
SF:lib/src/model/error_model.dart
DA:5,0
DA:16,0
DA:21,0
DA:22,0
DA:23,0
DA:24,0
LF:6
LH:0
end_of_record
SF:lib/src/model/response_model.dart
DA:5,0
LF:1
LH:0
end_of_record
SF:lib/src/network_manager.dart
DA:61,9
DA:74,9
DA:75,18
DA:76,9
DA:78,18
DA:79,9
DA:80,9
DA:123,0
DA:124,0
DA:131,9
DA:132,27
DA:135,0
DA:138,0
DA:140,0
DA:143,0
DA:146,0
DA:149,0
DA:152,0
DA:155,0
DA:159,0
DA:160,0
DA:174,0
DA:189,0
DA:190,0
DA:193,0
DA:194,0
DA:195,0
DA:198,0
DA:199,0
DA:206,0
DA:207,0
DA:208,0
DA:209,0
DA:211,0
DA:212,0
DA:215,0
DA:216,0
DA:218,0
DA:219,0
DA:222,0
DA:223,0
DA:234,0
DA:239,0
DA:244,0
DA:246,0
DA:253,0
DA:261,0
DA:263,0
DA:264,0
DA:265,0
DA:267,0
DA:269,0
DA:284,0
DA:290,0
DA:293,0
DA:299,0
DA:303,0
DA:304,0
DA:310,0
DA:314,0
DA:316,0
DA:319,0
DA:324,0
DA:325,0
DA:326,0
DA:327,0
DA:328,0
DA:330,0
DA:334,0
DA:336,0
DA:337,0
DA:338,0
DA:339,0
DA:340,0
DA:345,0
DA:347,0
DA:351,0
DA:352,0
DA:353,0
DA:355,0
DA:357,0
DA:359,0
DA:363,0
DA:366,0
DA:368,0
DA:370,0
DA:377,0
DA:382,0
DA:383,0
DA:384,0
DA:386,0
DA:389,0
DA:401,0
LF:93
LH:9
end_of_record
SF:lib/src/operation/network_cache.dart
DA:4,0
DA:11,0
DA:17,0
DA:18,0
DA:19,0
DA:27,0
DA:28,0
DA:30,0
DA:31,0
DA:38,0
DA:39,0
DA:42,0
LF:12
LH:0
end_of_record
SF:lib/src/operation/network_model_parser.dart
DA:3,0
DA:4,0
DA:7,0
DA:8,0
DA:28,0
DA:29,0
DA:30,0
DA:31,0
DA:32,0
DA:34,0
DA:51,0
DA:53,0
DA:54,0
DA:57,0
DA:59,0
DA:60,0
DA:62,0
DA:63,0
DA:66,0
DA:67,0
DA:70,0
DA:74,0
DA:75,0
DA:76,0
LF:24
LH:0
end_of_record
SF:lib/src/operation/network_wrapper.dart
DA:4,9
DA:5,2
DA:6,27
DA:9,9
DA:10,9
DA:11,0
DA:12,0
DA:15,0
DA:16,0
DA:17,0
DA:20,0
DA:21,0
DA:22,0
DA:23,0
DA:24,0
DA:25,0
DA:27,0
DA:28,0
DA:29,0
DA:32,0
DA:34,0
DA:35,0
DA:40,0
LF:23
LH:5
end_of_record
SF:lib/src/operation/network_error_manager.dart
DA:6,0
DA:20,0
DA:21,0
DA:22,0
DA:25,0
DA:27,0
DA:28,0
DA:29,0
DA:30,0
DA:34,0
DA:37,0
DA:38,0
DA:48,0
DA:49,0
LF:14
LH:0
end_of_record
SF:lib/src/utility/custom_logger.dart
DA:6,0
DA:10,0
DA:15,0
DA:16,0
DA:17,0
LF:5
LH:0
end_of_record
