SF:lib/src/cache/file/local_file_io.dart
DA:13,2
DA:20,2
DA:29,2
DA:31,4
DA:37,2
DA:47,6
DA:48,4
DA:57,1
DA:59,2
DA:66,1
DA:68,2
LF:11
LH:11
end_of_record
SF:lib/src/cache/file/file.dart
DA:5,12
DA:13,2
DA:18,2
DA:19,4
DA:20,4
DA:25,2
DA:26,4
DA:27,2
DA:32,1
DA:33,1
DA:34,1
DA:43,2
DA:44,2
DA:45,2
DA:46,2
DA:47,2
DA:48,2
DA:51,2
DA:60,2
DA:61,2
DA:62,2
DA:63,2
DA:65,2
DA:66,3
DA:67,2
DA:69,2
DA:70,2
DA:76,2
DA:77,2
DA:78,4
DA:79,1
DA:81,1
DA:82,1
DA:84,3
DA:85,1
DA:87,1
DA:95,2
DA:96,2
DA:100,4
DA:101,8
DA:103,2
DA:104,2
DA:105,2
DA:106,2
DA:107,2
DA:113,1
DA:114,1
DA:115,1
LF:48
LH:48
end_of_record
SF:lib/src/cache/file/local_file.dart
DA:9,1
DA:11,2
DA:14,1
DA:20,2
DA:23,1
DA:25,2
DA:28,0
DA:30,0
LF:8
LH:6
end_of_record
SF:lib/src/utility/json_encode_util.dart
DA:10,0
DA:13,2
DA:15,2
DA:17,0
DA:23,1
DA:25,1
DA:30,0
LF:7
LH:4
end_of_record
SF:lib/src/cache/shared/local_preferences.dart
DA:20,1
DA:22,2
DA:29,0
DA:31,0
DA:38,1
DA:40,2
DA:46,1
DA:55,2
LF:8
LH:6
end_of_record
SF:lib/src/cache/shared/preferences.dart
DA:4,1
DA:9,1
DA:10,1
DA:21,1
DA:22,2
DA:23,1
DA:28,1
DA:33,1
DA:34,1
DA:39,3
DA:40,2
DA:41,1
DA:42,1
DA:53,1
DA:54,1
DA:56,1
DA:58,1
DA:61,1
DA:62,1
DA:63,1
DA:64,2
DA:65,1
DA:67,0
DA:79,0
DA:80,0
DA:83,0
DA:84,0
DA:85,0
DA:86,0
DA:97,1
DA:98,1
DA:99,1
LF:32
LH:25
end_of_record
SF:lib/src/model/local_data.dart
DA:4,3
DA:6,2
DA:7,2
DA:8,8
DA:9,8
DA:14,3
DA:15,3
DA:16,9
DA:17,6
LF:9
LH:9
end_of_record
SF:lib/src/feature/adapter/native_adapter.dart
DA:8,8
DA:9,9
LF:2
LH:2
end_of_record
SF:lib/src/feature/no_network/no_network.dart
DA:6,0
LF:1
LH:0
end_of_record
SF:lib/src/feature/no_network/no_network_manager.dart
DA:10,0
DA:33,0
DA:34,0
DA:35,0
DA:36,0
DA:38,0
DA:39,0
DA:43,0
DA:44,0
DA:45,0
DA:47,0
DA:48,0
DA:49,0
DA:50,0
DA:57,0
DA:58,0
DA:59,0
LF:17
LH:0
end_of_record
SF:lib/src/feature/no_network/widget/no_network_widget.dart
DA:4,0
DA:15,0
DA:17,0
DA:18,0
DA:20,0
DA:21,0
DA:22,0
DA:24,0
DA:26,0
DA:27,0
DA:28,0
DA:29,0
LF:12
LH:0
end_of_record
SF:lib/src/feature/ssl/io_custom_override.dart
DA:6,0
DA:9,0
DA:11,0
DA:16,0
DA:18,0
DA:19,0
DA:20,0
LF:7
LH:0
end_of_record
SF:lib/src/interface/i_form_data_model.dart
DA:8,0
DA:9,0
DA:13,0
DA:15,0
LF:4
LH:0
end_of_record
SF:lib/src/utility/logger/log_items.dart
DA:6,0
DA:7,1
DA:11,1
DA:13,1
DA:16,1
DA:18,0
DA:23,0
DA:25,0
DA:27,0
DA:29,0
DA:31,0
DA:32,0
DA:34,0
DA:37,0
LF:14
LH:4
end_of_record
SF:lib/src/mixin/network_manager_header.dart
DA:7,2
DA:8,8
DA:12,1
DA:13,4
DA:17,1
DA:18,4
DA:22,0
LF:7
LH:6
end_of_record
SF:lib/src/interface/i_network_service.dart
DA:11,0
LF:1
LH:0
end_of_record
SF:lib/src/model/enum/request_type.dart
DA:13,7
DA:15,7
DA:17,0
DA:19,0
DA:21,0
DA:23,0
LF:6
LH:2
end_of_record
SF:lib/src/interface/i_response_model.dart
DA:4,6
LF:1
LH:1
end_of_record
SF:lib/src/mixin/network_manager_cache.dart
DA:15,1
DA:16,5
DA:19,1
DA:26,1
DA:29,1
DA:30,1
DA:34,1
DA:36,1
DA:41,1
DA:47,2
DA:48,1
DA:49,3
DA:50,1
DA:57,1
DA:58,2
DA:59,2
DA:60,4
DA:63,1
DA:64,2
DA:66,2
DA:67,2
DA:68,2
LF:22
LH:22
end_of_record
SF:lib/src/mixin/network_manager_core_operation.dart
DA:18,2
DA:36,0
DA:37,2
DA:40,0
DA:42,0
DA:43,0
DA:44,0
DA:45,0
DA:49,0
DA:52,0
DA:54,0
DA:66,0
DA:67,0
LF:13
LH:2
end_of_record
SF:lib/src/mixin/network_manager_error_interceptor.dart
DA:17,8
DA:18,2
DA:19,24
DA:22,8
DA:23,8
DA:24,2
DA:25,2
DA:28,2
DA:29,0
DA:30,0
DA:32,0
DA:34,0
DA:37,0
DA:38,0
DA:39,0
DA:40,0
DA:41,0
DA:42,0
DA:43,0
DA:44,0
DA:48,0
DA:49,0
DA:52,0
DA:54,0
DA:55,0
DA:60,2
LF:26
LH:9
end_of_record
SF:lib/src/mixin/network_manager_parameters.dart
DA:35,8
DA:48,0
DA:49,0
LF:3
LH:1
end_of_record
SF:lib/src/mixin/network_manager_response.dart
DA:24,5
DA:28,5
DA:29,5
DA:31,0
DA:40,2
DA:41,2
DA:42,4
DA:43,2
DA:44,2
DA:46,2
DA:47,2
DA:49,2
DA:52,2
DA:53,2
DA:54,2
DA:55,2
DA:56,2
DA:61,1
DA:62,1
DA:64,0
DA:65,0
DA:66,0
DA:67,0
DA:70,0
DA:71,0
DA:80,5
DA:84,10
DA:85,4
DA:89,3
DA:90,4
DA:92,4
DA:93,2
DA:95,2
DA:96,2
DA:99,2
DA:100,1
DA:103,1
DA:105,2
DA:109,0
DA:112,0
DA:125,7
DA:126,7
DA:127,8
DA:128,0
LF:44
LH:34
end_of_record
SF:lib/src/model/error/file_manager_not_foud.dart
DA:2,0
DA:4,0
DA:6,0
LF:3
LH:0
end_of_record
SF:lib/src/utility/network_manager_util.dart
DA:8,0
DA:11,5
DA:13,5
DA:14,5
DA:18,5
DA:19,5
LF:6
LH:5
end_of_record
SF:lib/src/utility/custom_logger.dart
DA:13,15
DA:23,3
DA:24,3
DA:26,9
LF:4
LH:4
end_of_record
SF:lib/src/model/empty_model.dart
DA:4,4
DA:6,0
DA:10,0
DA:14,2
DA:16,2
DA:17,4
DA:21,0
DA:23,0
DA:26,0
DA:30,0
DA:33,0
DA:34,0
LF:12
LH:4
end_of_record
SF:lib/src/model/error_model.dart
DA:10,3
DA:13,1
DA:14,1
DA:18,0
DA:19,0
DA:26,2
DA:27,2
DA:28,2
DA:29,2
DA:30,2
DA:45,0
DA:50,0
DA:51,0
DA:52,0
DA:53,0
LF:15
LH:8
end_of_record
SF:lib/src/model/response_model.dart
DA:8,12
LF:1
LH:1
end_of_record
SF:lib/src/mixin/core/network_manager_initialize.dart
DA:11,8
DA:12,24
DA:13,16
DA:15,16
DA:16,40
DA:17,24
DA:18,7
DA:19,24
LF:8
LH:8
end_of_record
SF:lib/src/network_manager.dart
DA:32,8
DA:44,16
DA:55,8
DA:61,0
DA:64,1
DA:70,1
DA:71,1
DA:73,6
DA:88,1
DA:93,1
DA:96,6
DA:97,12
DA:98,6
DA:101,6
DA:102,6
DA:109,10
DA:111,3
DA:113,5
DA:114,5
DA:119,0
DA:120,0
DA:122,2
DA:123,2
DA:134,2
DA:139,1
DA:144,2
DA:146,1
DA:151,1
DA:159,1
DA:161,2
DA:162,1
DA:163,1
DA:165,1
DA:167,1
DA:175,0
DA:181,0
DA:184,0
DA:189,0
DA:190,0
DA:191,0
DA:193,0
DA:196,0
DA:208,0
LF:43
LH:31
end_of_record
